::1 - - [12/Apr/2021:09:37:07 +0100] "GET /home.php HTTP/1.1" 200 723
::1 - - [12/Apr/2021:10:32:27 +0100] "GET /home.php HTTP/1.1" 200 791
::1 - - [12/Apr/2021:10:32:28 +0100] "GET /promote.php HTTP/1.1" 200 55
::1 - - [12/Apr/2021:10:32:32 +0100] "GET /promote.php HTTP/1.1" 200 55
::1 - - [12/Apr/2021:10:46:23 +0100] "GET /phpmyadmin/sql.php?db=test&table=logins&token=864f6113d41ea5dc31cb709c665e30dc&pos=0&ajax_request=true&ajax_page_request=true&menuHashes=64a2d358-0732af89-b266bb6f&_nocache=1618220783185154042 HTTP/1.1" 200 292
::1 - - [12/Apr/2021:10:46:28 +0100] "GET /phpmyadmin/index.php?token=864f6113d41ea5dc31cb709c665e30dc HTTP/1.1" 200 8091
::1 - - [12/Apr/2021:10:46:28 +0100] "GET /phpmyadmin/js/get_scripts.js.php?scripts[]=jquery/jquery-1.8.3.js&scripts[]=ajax.js&scripts[]=keyhandler.js&scripts[]=jquery/jquery-ui-1.9.2.custom.js&scripts[]=jquery/jquery.sprintf.js&scripts[]=jquery/jquery.cookie.js&scripts[]=jquery/jquery.mousewheel.js&scripts[]=jquery/jquery.event.drag-2.2.js&scripts[]=jquery/jquery-ui-timepicker-addon.js&scripts[]=jquery/jquery.ba-hashchange-1.3.js&scripts[]=jquery/jquery.debounce-1.0.5.js&scripts[]=jquery/jquery.menuResizer-1.0.js&scripts[]=rte.js&scripts[]=functions.js&scripts[]=navigation.js&scripts[]=indexes.js&scripts[]=common.js&scripts[]=codemirror/lib/codemirror.js&scripts[]=codemirror/mode/mysql/mysql.js HTTP/1.1" 200 578562
::1 - - [12/Apr/2021:10:46:28 +0100] "GET /phpmyadmin/phpmyadmin.css.php?server=1&token=864f6113d41ea5dc31cb709c665e30dc&nocache=4125206712ltr HTTP/1.1" 200 88608
::1 - - [12/Apr/2021:10:46:28 +0100] "GET /phpmyadmin/js/messages.php?lang=en&db=&server=0&token=864f6113d41ea5dc31cb709c665e30dc HTTP/1.1" 200 16674
::1 - - [12/Apr/2021:10:46:28 +0100] "GET /phpmyadmin/js/get_image.js.php?theme=pmahomme HTTP/1.1" 200 6263
::1 - - [12/Apr/2021:10:46:29 +0100] "GET /phpmyadmin/sql.php?db=test&table=logins&server=1&target=&token=864f6113d41ea5dc31cb709c665e30dc HTTP/1.1" 200 8179
::1 - - [12/Apr/2021:10:46:29 +0100] "GET /phpmyadmin/js/messages.php?lang=en&db=test&token=864f6113d41ea5dc31cb709c665e30dc HTTP/1.1" 200 16674
::1 - - [12/Apr/2021:10:46:35 +0100] "POST /phpmyadmin/index.php HTTP/1.1" 302 -
::1 - - [12/Apr/2021:10:46:35 +0100] "GET /phpmyadmin/index.php?db=test&table=logins&target=sql.php&token=864f6113d41ea5dc31cb709c665e30dc HTTP/1.1" 200 33272
::1 - - [12/Apr/2021:10:46:35 +0100] "GET /phpmyadmin/js/get_scripts.js.php?scripts[]=jquery/jquery-1.8.3.js&scripts[]=ajax.js&scripts[]=keyhandler.js&scripts[]=jquery/jquery-ui-1.9.2.custom.js&scripts[]=jquery/jquery.sprintf.js&scripts[]=jquery/jquery.cookie.js&scripts[]=jquery/jquery.mousewheel.js&scripts[]=jquery/jquery.event.drag-2.2.js&scripts[]=jquery/jquery-ui-timepicker-addon.js&scripts[]=jquery/jquery.ba-hashchange-1.3.js&scripts[]=jquery/jquery.debounce-1.0.5.js&scripts[]=jquery/jquery.menuResizer-1.0.js&scripts[]=rte.js&scripts[]=functions.js&scripts[]=navigation.js&scripts[]=indexes.js&scripts[]=common.js&scripts[]=tbl_change.js&scripts[]=tbl_structure.js&scripts[]=gis_data_editor.js&scripts[]=makegrid.js&scripts[]=sql.js&scripts[]=codemirror/lib/codemirror.js&scripts[]=codemirror/mode/mysql/mysql.js HTTP/1.1" 200 635864
::1 - - [12/Apr/2021:10:46:35 +0100] "GET /phpmyadmin/phpmyadmin.css.php?server=1&token=864f6113d41ea5dc31cb709c665e30dc&nocache=5743368701ltr HTTP/1.1" 200 88608
::1 - - [12/Apr/2021:10:46:35 +0100] "GET /phpmyadmin/js/messages.php?lang=en&db=test&server=0&token=864f6113d41ea5dc31cb709c665e30dc HTTP/1.1" 200 16674
::1 - - [12/Apr/2021:10:46:36 +0100] "GET /phpmyadmin/index.php?ajax_request=1&recent_table=1&token=864f6113d41ea5dc31cb709c665e30dc HTTP/1.1" 200 318
::1 - - [12/Apr/2021:10:46:39 +0100] "GET /phpmyadmin/navigation.php?ajax_request=1&token=864f6113d41ea5dc31cb709c665e30dc&aPath=cm9vdA%3D%3D.dGVzdA%3D%3D&vPath=cm9vdA%3D%3D.dGVzdA%3D%3D&pos=0&pos2_name=&pos2_value=&searchClause=&searchClause2=&_nocache=1618220799730901830 HTTP/1.1" 200 2057
::1 - - [12/Apr/2021:10:46:41 +0100] "GET /phpmyadmin/db_structure.php?server=1&db=test&token=864f6113d41ea5dc31cb709c665e30dc&ajax_request=true&ajax_page_request=true&menuHashes=a49aebf1&_nocache=1618220801837297390 HTTP/1.1" 200 14979
::1 - - [12/Apr/2021:10:46:42 +0100] "GET /phpmyadmin/js/get_scripts.js.php?scripts[]=db_structure.js HTTP/1.1" 200 5367
::1 - - [12/Apr/2021:10:46:43 +0100] "GET /phpmyadmin/db_sql.php?db=test&token=864f6113d41ea5dc31cb709c665e30dc&db_query_force=1&ajax_request=true&ajax_page_request=true&menuHashes=a49aebf1-c5d31f26&_nocache=1618220803165241734 HTTP/1.1" 200 6973
::1 - - [12/Apr/2021:10:46:49 +0100] "POST /phpmyadmin/import.php HTTP/1.1" 200 16274
::1 - - [12/Apr/2021:11:01:32 +0100] "GET /promote.php HTTP/1.1" 200 911
::1 - - [12/Apr/2021:11:02:23 +0100] "GET /promote.php HTTP/1.1" 200 800
::1 - - [12/Apr/2021:11:02:55 +0100] "GET /promote.php HTTP/1.1" 200 802
::1 - - [12/Apr/2021:11:03:50 +0100] "GET /phpmyadmin/sql.php?server=1&db=test&table=logins&pos=0&token=864f6113d41ea5dc31cb709c665e30dc&ajax_request=true&ajax_page_request=true&menuHashes=a49aebf1-c5d31f26-bba98abc&_nocache=161822183009085583 HTTP/1.1" 200 27428
::1 - - [12/Apr/2021:11:03:50 +0100] "GET /phpmyadmin/index.php?ajax_request=1&recent_table=1&token=864f6113d41ea5dc31cb709c665e30dc HTTP/1.1" 200 318
::1 - - [12/Apr/2021:11:03:58 +0100] "POST /phpmyadmin/tbl_replace.php HTTP/1.1" 200 3205
::1 - - [12/Apr/2021:11:04:15 +0100] "GET /promote.php HTTP/1.1" 200 895
::1 - - [12/Apr/2021:11:04:49 +0100] "GET /promote.php HTTP/1.1" 200 833
::1 - - [12/Apr/2021:11:07:38 +0100] "GET /promote.php HTTP/1.1" 200 133
::1 - - [12/Apr/2021:11:10:18 +0100] "GET /promote.php HTTP/1.1" 200 833
::1 - - [12/Apr/2021:11:11:06 +0100] "POST /phpmyadmin/tbl_replace.php HTTP/1.1" 200 3205
::1 - - [12/Apr/2021:11:17:50 +0100] "GET /promote.php HTTP/1.1" 200 1006
::1 - - [12/Apr/2021:11:18:56 +0100] "GET /promote.php HTTP/1.1" 200 801
::1 - - [12/Apr/2021:11:21:00 +0100] "GET /promote.php HTTP/1.1" 200 772
::1 - - [12/Apr/2021:11:22:04 +0100] "GET /promote.php HTTP/1.1" 200 798
::1 - - [12/Apr/2021:11:23:33 +0100] "GET /promote.php HTTP/1.1" 200 808
::1 - - [12/Apr/2021:11:24:16 +0100] "POST /phpmyadmin/tbl_replace.php HTTP/1.1" 200 3205
::1 - - [12/Apr/2021:11:24:22 +0100] "GET /promote.php HTTP/1.1" 200 848
::1 - - [12/Apr/2021:11:24:46 +0100] "POST /phpmyadmin/tbl_replace.php HTTP/1.1" 200 3205
::1 - - [12/Apr/2021:11:24:52 +0100] "POST /phpmyadmin/tbl_replace.php HTTP/1.1" 200 3205
::1 - - [12/Apr/2021:11:24:56 +0100] "GET /promote.php HTTP/1.1" 200 700
::1 - - [12/Apr/2021:11:25:37 +0100] "POST /phpmyadmin/tbl_replace.php HTTP/1.1" 200 3205
::1 - - [12/Apr/2021:11:27:51 +0100] "GET /promote.php HTTP/1.1" 200 845
::1 - - [12/Apr/2021:11:27:54 +0100] "GET /update.php?member=3 HTTP/1.1" 404 208
::1 - - [12/Apr/2021:11:35:48 +0100] "GET /phpmyadmin/sql.php?server=1&db=test&table=logins&pos=0&token=864f6113d41ea5dc31cb709c665e30dc&ajax_request=true&ajax_page_request=true&menuHashes=a49aebf1-c5d31f26-bba98abc-b266bb6f&_nocache=161822374890046798 HTTP/1.1" 200 24442
::1 - - [12/Apr/2021:11:35:49 +0100] "GET /phpmyadmin/index.php?ajax_request=1&recent_table=1&token=864f6113d41ea5dc31cb709c665e30dc HTTP/1.1" 200 318
::1 - - [12/Apr/2021:11:35:50 +0100] "GET /phpmyadmin/tbl_sql.php?db=test&table=logins&token=864f6113d41ea5dc31cb709c665e30dc&ajax_request=true&ajax_page_request=true&menuHashes=a49aebf1-c5d31f26-bba98abc-b266bb6f&_nocache=161822375003986243 HTTP/1.1" 200 8363
::1 - - [12/Apr/2021:11:35:50 +0100] "GET /phpmyadmin/index.php?ajax_request=1&recent_table=1&token=864f6113d41ea5dc31cb709c665e30dc HTTP/1.1" 200 318
::1 - - [12/Apr/2021:11:40:30 +0100] "GET /promote.php HTTP/1.1" 200 866
::1 - - [12/Apr/2021:11:40:32 +0100] "GET /update.php? HTTP/1.1" 200 848
::1 - - [12/Apr/2021:11:41:43 +0100] "GET /phpmyadmin/sql.php?server=1&db=test&table=logins&pos=0&token=864f6113d41ea5dc31cb709c665e30dc&ajax_request=true&ajax_page_request=true&menuHashes=a49aebf1-c5d31f26-bba98abc-b266bb6f-eef2c080&_nocache=1618224103489597835 HTTP/1.1" 200 24442
::1 - - [12/Apr/2021:11:41:43 +0100] "GET /phpmyadmin/index.php?ajax_request=1&recent_table=1&token=864f6113d41ea5dc31cb709c665e30dc HTTP/1.1" 200 318
::1 - - [12/Apr/2021:11:41:52 +0100] "POST /phpmyadmin/tbl_replace.php HTTP/1.1" 200 3205
::1 - - [12/Apr/2021:11:42:00 +0100] "GET /promote.php HTTP/1.1" 200 901
::1 - - [12/Apr/2021:11:42:49 +0100] "GET /promote.php HTTP/1.1" 200 904
::1 - - [12/Apr/2021:11:43:03 +0100] "POST /phpmyadmin/tbl_replace.php HTTP/1.1" 200 3205
::1 - - [12/Apr/2021:11:43:15 +0100] "GET /promote.php HTTP/1.1" 200 868
::1 - - [12/Apr/2021:11:43:22 +0100] "GET /update.php? HTTP/1.1" 200 848
::1 - - [12/Apr/2021:11:45:50 +0100] "GET /promote.php HTTP/1.1" 200 877
::1 - - [12/Apr/2021:11:45:55 +0100] "GET /update.php?member=3 HTTP/1.1" 200 848
::1 - - [12/Apr/2021:11:46:35 +0100] "GET /promote.php HTTP/1.1" 200 889
::1 - - [12/Apr/2021:11:46:38 +0100] "GET /update.php?member=3 HTTP/1.1" 200 848
::1 - - [12/Apr/2021:11:47:16 +0100] "GET /promote.php HTTP/1.1" 200 891
::1 - - [12/Apr/2021:11:47:19 +0100] "POST /update.php HTTP/1.1" 200 736
::1 - - [12/Apr/2021:11:47:28 +0100] "GET /phpmyadmin/sql.php?server=1&db=test&table=logins&pos=0&token=864f6113d41ea5dc31cb709c665e30dc&ajax_request=true&ajax_page_request=true&menuHashes=a49aebf1-c5d31f26-bba98abc-b266bb6f-eef2c080&_nocache=1618224448434219582 HTTP/1.1" 200 24442
::1 - - [12/Apr/2021:11:47:28 +0100] "GET /phpmyadmin/index.php?ajax_request=1&recent_table=1&token=864f6113d41ea5dc31cb709c665e30dc HTTP/1.1" 200 318
::1 - - [12/Apr/2021:11:52:52 +0100] "POST /update.php HTTP/1.1" 200 698
::1 - - [12/Apr/2021:11:52:58 +0100] "GET /promote.php HTTP/1.1" 200 707
::1 - - [12/Apr/2021:11:53:11 +0100] "POST /phpmyadmin/tbl_replace.php HTTP/1.1" 200 3205
::1 - - [12/Apr/2021:11:54:08 +0100] "GET /promote.php HTTP/1.1" 200 878
::1 - - [12/Apr/2021:11:54:20 +0100] "GET /logout.php HTTP/1.1" 302 -
::1 - - [12/Apr/2021:11:54:20 +0100] "GET /home.php HTTP/1.1" 200 776
::1 - - [12/Apr/2021:11:54:30 +0100] "GET /registration.html HTTP/1.1" 200 1359
::1 - - [12/Apr/2021:11:54:53 +0100] "GET /registration.html HTTP/1.1" 200 1373
::1 - - [12/Apr/2021:11:55:21 +0100] "GET /login.html HTTP/1.1" 200 1017
::1 - - [12/Apr/2021:11:55:27 +0100] "GET /registration.html HTTP/1.1" 304 -
::1 - - [12/Apr/2021:11:55:28 +0100] "GET /login.html HTTP/1.1" 304 -
::1 - - [12/Apr/2021:11:55:30 +0100] "GET /events.php HTTP/1.1" 200 1925
::1 - - [12/Apr/2021:11:55:33 +0100] "GET /rules.php HTTP/1.1" 200 2235
::1 - - [12/Apr/2021:11:55:35 +0100] "GET /home.php HTTP/1.1" 200 776
::1 - - [12/Apr/2021:11:55:36 +0100] "GET /meetup.php HTTP/1.1" 404 208
::1 - - [12/Apr/2021:11:55:42 +0100] "GET /home.php HTTP/1.1" 200 776
::1 - - [12/Apr/2021:11:55:43 +0100] "GET /home.php HTTP/1.1" 200 776
::1 - - [12/Apr/2021:11:57:41 +0100] "GET /events.php HTTP/1.1" 200 1925
::1 - - [12/Apr/2021:12:05:19 +0100] "GET /phpmyadmin/sql.php?server=1&db=test&table=events&pos=0&token=864f6113d41ea5dc31cb709c665e30dc&ajax_request=true&ajax_page_request=true&menuHashes=a49aebf1-c5d31f26-bba98abc-b266bb6f-eef2c080&_nocache=1618225519463490112 HTTP/1.1" 200 25300
::1 - - [12/Apr/2021:12:05:19 +0100] "GET /phpmyadmin/index.php?ajax_request=1&recent_table=1&token=864f6113d41ea5dc31cb709c665e30dc HTTP/1.1" 200 318
::1 - - [12/Apr/2021:13:08:56 +0100] "GET /events.php HTTP/1.1" 200 144
::1 - - [12/Apr/2021:13:09:26 +0100] "GET /events.php HTTP/1.1" 200 144
::1 - - [12/Apr/2021:13:09:42 +0100] "GET /events.php HTTP/1.1" 200 1925
::1 - - [12/Apr/2021:13:09:44 +0100] "GET /login.html HTTP/1.1" 304 -
::1 - - [12/Apr/2021:13:09:54 +0100] "POST /login.php HTTP/1.1" 302 128
::1 - - [12/Apr/2021:13:09:54 +0100] "GET /home.php HTTP/1.1" 200 791
::1 - - [12/Apr/2021:13:09:56 +0100] "GET /events.php HTTP/1.1" 200 1919
::1 - - [12/Apr/2021:13:10:48 +0100] "GET /phpmyadmin/sql.php?server=1&db=test&table=logins&pos=0&token=864f6113d41ea5dc31cb709c665e30dc&ajax_request=true&ajax_page_request=true&menuHashes=a49aebf1-c5d31f26-bba98abc-b266bb6f-eef2c080-0732af89&_nocache=1618229448515254250 HTTP/1.1" 200 292
::1 - - [12/Apr/2021:13:10:52 +0100] "GET /phpmyadmin/index.php?db=test&table=logins&target=sql.php&token=864f6113d41ea5dc31cb709c665e30dc HTTP/1.1" 200 8214
::1 - - [12/Apr/2021:13:10:52 +0100] "GET /phpmyadmin/js/get_scripts.js.php?scripts[]=jquery/jquery-1.8.3.js&scripts[]=ajax.js&scripts[]=keyhandler.js&scripts[]=jquery/jquery-ui-1.9.2.custom.js&scripts[]=jquery/jquery.sprintf.js&scripts[]=jquery/jquery.cookie.js&scripts[]=jquery/jquery.mousewheel.js&scripts[]=jquery/jquery.event.drag-2.2.js&scripts[]=jquery/jquery-ui-timepicker-addon.js&scripts[]=jquery/jquery.ba-hashchange-1.3.js&scripts[]=jquery/jquery.debounce-1.0.5.js&scripts[]=jquery/jquery.menuResizer-1.0.js&scripts[]=rte.js&scripts[]=functions.js&scripts[]=navigation.js&scripts[]=indexes.js&scripts[]=common.js&scripts[]=codemirror/lib/codemirror.js&scripts[]=codemirror/mode/mysql/mysql.js HTTP/1.1" 200 578562
::1 - - [12/Apr/2021:13:10:52 +0100] "GET /phpmyadmin/sql.php?db=test&table=events&server=1&target=&token=864f6113d41ea5dc31cb709c665e30dc HTTP/1.1" 200 8179
::1 - - [12/Apr/2021:13:10:56 +0100] "POST /phpmyadmin/index.php HTTP/1.1" 302 -
::1 - - [12/Apr/2021:13:10:56 +0100] "GET /phpmyadmin/index.php?db=test&table=events&target=sql.php&token=864f6113d41ea5dc31cb709c665e30dc HTTP/1.1" 200 31286
::1 - - [12/Apr/2021:13:10:56 +0100] "GET /phpmyadmin/js/get_scripts.js.php?scripts[]=jquery/jquery-1.8.3.js&scripts[]=ajax.js&scripts[]=keyhandler.js&scripts[]=jquery/jquery-ui-1.9.2.custom.js&scripts[]=jquery/jquery.sprintf.js&scripts[]=jquery/jquery.cookie.js&scripts[]=jquery/jquery.mousewheel.js&scripts[]=jquery/jquery.event.drag-2.2.js&scripts[]=jquery/jquery-ui-timepicker-addon.js&scripts[]=jquery/jquery.ba-hashchange-1.3.js&scripts[]=jquery/jquery.debounce-1.0.5.js&scripts[]=jquery/jquery.menuResizer-1.0.js&scripts[]=rte.js&scripts[]=functions.js&scripts[]=navigation.js&scripts[]=indexes.js&scripts[]=common.js&scripts[]=tbl_change.js&scripts[]=tbl_structure.js&scripts[]=gis_data_editor.js&scripts[]=makegrid.js&scripts[]=sql.js&scripts[]=codemirror/lib/codemirror.js&scripts[]=codemirror/mode/mysql/mysql.js HTTP/1.1" 200 635864
::1 - - [12/Apr/2021:13:10:56 +0100] "GET /phpmyadmin/index.php?ajax_request=1&recent_table=1&token=864f6113d41ea5dc31cb709c665e30dc HTTP/1.1" 200 318
::1 - - [12/Apr/2021:13:11:00 +0100] "GET /phpmyadmin/navigation.php?ajax_request=1&token=864f6113d41ea5dc31cb709c665e30dc&aPath=cm9vdA%3D%3D.dGVzdA%3D%3D&vPath=cm9vdA%3D%3D.dGVzdA%3D%3D&pos=0&pos2_name=&pos2_value=&searchClause=&searchClause2=&_nocache=1618229460824419863 HTTP/1.1" 200 2057
::1 - - [12/Apr/2021:13:11:03 +0100] "GET /phpmyadmin/sql.php?server=1&db=test&table=logins&pos=0&token=864f6113d41ea5dc31cb709c665e30dc&ajax_request=true&ajax_page_request=true&menuHashes=2aee94a8&_nocache=1618229463226727022 HTTP/1.1" 200 27428
::1 - - [12/Apr/2021:13:11:03 +0100] "GET /phpmyadmin/index.php?ajax_request=1&recent_table=1&token=864f6113d41ea5dc31cb709c665e30dc HTTP/1.1" 200 318
::1 - - [12/Apr/2021:13:14:03 +0100] "GET /events.php HTTP/1.1" 200 1989
::1 - - [12/Apr/2021:13:16:42 +0100] "GET /events.php HTTP/1.1" 200 2032
::1 - - [12/Apr/2021:13:16:51 +0100] "GET /logout.php HTTP/1.1" 302 -
::1 - - [12/Apr/2021:13:16:51 +0100] "GET /home.php HTTP/1.1" 200 776
::1 - - [12/Apr/2021:13:16:59 +0100] "POST /login.php HTTP/1.1" 302 151
::1 - - [12/Apr/2021:13:16:59 +0100] "GET /home.php HTTP/1.1" 200 776
::1 - - [12/Apr/2021:13:17:08 +0100] "POST /login.php HTTP/1.1" 302 128
::1 - - [12/Apr/2021:13:17:08 +0100] "GET /home.php HTTP/1.1" 200 724
::1 - - [12/Apr/2021:13:17:10 +0100] "GET /events.php HTTP/1.1" 200 1873
::1 - - [12/Apr/2021:13:17:14 +0100] "GET /logout.php HTTP/1.1" 302 -
::1 - - [12/Apr/2021:13:17:14 +0100] "GET /home.php HTTP/1.1" 200 776
::1 - - [12/Apr/2021:13:17:15 +0100] "GET /login.html HTTP/1.1" 304 -
::1 - - [12/Apr/2021:13:17:28 +0100] "POST /login.php HTTP/1.1" 302 128
::1 - - [12/Apr/2021:13:17:28 +0100] "GET /home.php HTTP/1.1" 200 749
::1 - - [12/Apr/2021:13:17:32 +0100] "GET /events.php HTTP/1.1" 200 2018
::1 - - [12/Apr/2021:13:18:31 +0100] "GET /events.php HTTP/1.1" 200 2064
::1 - - [12/Apr/2021:13:19:29 +0100] "GET /events.php HTTP/1.1" 200 2255
::1 - - [12/Apr/2021:13:20:01 +0100] "GET /events.php HTTP/1.1" 200 2253
::1 - - [12/Apr/2021:13:34:09 +0100] "GET /home.php HTTP/1.1" 200 7868
::1 - - [12/Apr/2021:13:34:18 +0100] "GET /events.php HTTP/1.1" 200 2253
::1 - - [12/Apr/2021:13:34:20 +0100] "GET /home.php HTTP/1.1" 200 7868
::1 - - [12/Apr/2021:13:36:07 +0100] "GET /home.php HTTP/1.1" 200 7868
::1 - - [12/Apr/2021:13:36:09 +0100] "GET /logout.php HTTP/1.1" 302 -
::1 - - [12/Apr/2021:13:36:09 +0100] "GET /home.php HTTP/1.1" 200 7895
::1 - - [12/Apr/2021:13:36:10 +0100] "GET /login.html HTTP/1.1" 304 -
::1 - - [12/Apr/2021:13:36:24 +0100] "POST /login.php HTTP/1.1" 302 128
::1 - - [12/Apr/2021:13:36:24 +0100] "GET /home.php HTTP/1.1" 200 7906
::1 - - [12/Apr/2021:13:36:27 +0100] "GET /promote.php HTTP/1.1" 200 868
::1 - - [12/Apr/2021:13:38:37 +0100] "GET /promote.php HTTP/1.1" 200 868
::1 - - [12/Apr/2021:13:38:41 +0100] "GET /rules.php HTTP/1.1" 200 2183
::1 - - [12/Apr/2021:13:38:42 +0100] "GET /home.php HTTP/1.1" 200 7906
::1 - - [12/Apr/2021:13:39:16 +0100] "GET /home.php HTTP/1.1" 200 124
::1 - - [12/Apr/2021:13:39:17 +0100] "GET /home.php HTTP/1.1" 200 124
::1 - - [12/Apr/2021:13:39:38 +0100] "GET /home.php HTTP/1.1" 200 7911
::1 - - [12/Apr/2021:13:39:41 +0100] "GET /logout.php HTTP/1.1" 302 -
::1 - - [12/Apr/2021:13:39:41 +0100] "GET /home.php HTTP/1.1" 200 7900
::1 - - [12/Apr/2021:13:40:17 +0100] "GET /events.php HTTP/1.1" 200 1923
::1 - - [12/Apr/2021:13:40:30 +0100] "POST /login.php HTTP/1.1" 302 128
::1 - - [12/Apr/2021:13:40:30 +0100] "GET /home.php HTTP/1.1" 200 7911
::1 - - [12/Apr/2021:13:43:18 +0100] "GET /phpmyadmin/sql.php?server=1&db=test&table=events&pos=0&token=864f6113d41ea5dc31cb709c665e30dc&ajax_request=true&ajax_page_request=true&menuHashes=2aee94a8-b266bb6f&_nocache=1618231398937443333 HTTP/1.1" 200 292
::1 - - [12/Apr/2021:13:43:20 +0100] "GET /phpmyadmin/index.php?db=test&table=events&target=sql.php&token=864f6113d41ea5dc31cb709c665e30dc HTTP/1.1" 200 8214
::1 - - [12/Apr/2021:13:43:20 +0100] "GET /phpmyadmin/sql.php?db=test&table=logins&server=1&target=&token=864f6113d41ea5dc31cb709c665e30dc HTTP/1.1" 200 8179
::1 - - [12/Apr/2021:13:43:24 +0100] "POST /phpmyadmin/index.php HTTP/1.1" 302 -
::1 - - [12/Apr/2021:13:43:24 +0100] "GET /phpmyadmin/index.php?db=test&table=logins&target=sql.php&token=864f6113d41ea5dc31cb709c665e30dc HTTP/1.1" 200 33272
::1 - - [12/Apr/2021:13:43:24 +0100] "GET /phpmyadmin/index.php?ajax_request=1&recent_table=1&token=864f6113d41ea5dc31cb709c665e30dc HTTP/1.1" 200 318
::1 - - [12/Apr/2021:13:43:27 +0100] "GET /phpmyadmin/navigation.php?ajax_request=1&token=864f6113d41ea5dc31cb709c665e30dc&aPath=cm9vdA%3D%3D.dGVzdA%3D%3D&vPath=cm9vdA%3D%3D.dGVzdA%3D%3D&pos=0&pos2_name=&pos2_value=&searchClause=&searchClause2=&_nocache=1618231407745650269 HTTP/1.1" 200 2057
::1 - - [12/Apr/2021:13:43:29 +0100] "GET /phpmyadmin/sql.php?server=1&db=test&table=events&pos=0&token=864f6113d41ea5dc31cb709c665e30dc&ajax_request=true&ajax_page_request=true&menuHashes=a49aebf1&_nocache=1618231409579317176 HTTP/1.1" 200 25300
::1 - - [12/Apr/2021:13:43:29 +0100] "GET /phpmyadmin/index.php?ajax_request=1&recent_table=1&token=864f6113d41ea5dc31cb709c665e30dc HTTP/1.1" 200 318
::1 - - [12/Apr/2021:13:45:52 +0100] "GET /events.php HTTP/1.1" 200 2253
::1 - - [12/Apr/2021:13:45:56 +0100] "POST /assign.php HTTP/1.1" 302 39
::1 - - [12/Apr/2021:13:45:56 +0100] "GET /events.php HTTP/1.1" 200 2253
::1 - - [12/Apr/2021:13:46:03 +0100] "GET /phpmyadmin/index.php?db=test&table=logins&target=sql.php&token=864f6113d41ea5dc31cb709c665e30dc HTTP/1.1" 200 33272
::1 - - [12/Apr/2021:13:46:03 +0100] "GET /phpmyadmin/sql.php?db=test&table=events&server=1&target=&token=864f6113d41ea5dc31cb709c665e30dc HTTP/1.1" 200 31254
::1 - - [12/Apr/2021:13:46:03 +0100] "GET /phpmyadmin/index.php?ajax_request=1&recent_table=1&token=864f6113d41ea5dc31cb709c665e30dc HTTP/1.1" 200 318
::1 - - [12/Apr/2021:13:46:08 +0100] "POST /phpmyadmin/sql.php HTTP/1.1" 200 358
::1 - - [12/Apr/2021:13:46:11 +0100] "POST /phpmyadmin/tbl_replace.php HTTP/1.1" 200 3435
::1 - - [12/Apr/2021:13:46:12 +0100] "POST /phpmyadmin/sql.php HTTP/1.1" 200 358
::1 - - [12/Apr/2021:13:46:14 +0100] "POST /phpmyadmin/tbl_replace.php HTTP/1.1" 200 3435
::1 - - [12/Apr/2021:13:46:28 +0100] "POST /assign.php HTTP/1.1" 302 39
::1 - - [12/Apr/2021:13:46:28 +0100] "GET /events.php HTTP/1.1" 200 2253
::1 - - [12/Apr/2021:13:46:33 +0100] "GET /phpmyadmin/sql.php?db=test&table=events&token=864f6113d41ea5dc31cb709c665e30dc&pos=0&ajax_request=true&ajax_page_request=true&menuHashes=0732af89&_nocache=1618231593570664658 HTTP/1.1" 200 22312
::1 - - [12/Apr/2021:13:46:33 +0100] "GET /phpmyadmin/index.php?ajax_request=1&recent_table=1&token=864f6113d41ea5dc31cb709c665e30dc HTTP/1.1" 200 318
::1 - - [12/Apr/2021:13:46:36 +0100] "POST /phpmyadmin/sql.php HTTP/1.1" 200 358
::1 - - [12/Apr/2021:13:46:38 +0100] "POST /phpmyadmin/tbl_replace.php HTTP/1.1" 200 3435
::1 - - [12/Apr/2021:13:47:58 +0100] "GET /home.php HTTP/1.1" 200 7911
::1 - - [12/Apr/2021:13:52:05 +0100] "GET /phpmyadmin/navigation.php?ajax_request=1&token=864f6113d41ea5dc31cb709c665e30dc&aPath=cm9vdA%3D%3D.dGVzdA%3D%3D&vPath=cm9vdA%3D%3D.dGVzdA%3D%3D&pos=0&pos2_name=&pos2_value=&searchClause=&searchClause2=&_nocache=1618231925032627247 HTTP/1.1" 200 2057
::1 - - [12/Apr/2021:13:52:07 +0100] "GET /phpmyadmin/sql.php?server=1&db=test&table=logins&pos=0&token=864f6113d41ea5dc31cb709c665e30dc&ajax_request=true&ajax_page_request=true&menuHashes=0732af89&_nocache=1618231927475716847 HTTP/1.1" 200 27428
::1 - - [12/Apr/2021:13:52:07 +0100] "GET /phpmyadmin/index.php?ajax_request=1&recent_table=1&token=864f6113d41ea5dc31cb709c665e30dc HTTP/1.1" 200 318
::1 - - [12/Apr/2021:13:53:43 +0100] "GET /home.php HTTP/1.1" 200 7976
::1 - - [12/Apr/2021:13:54:29 +0100] "GET /home.php HTTP/1.1" 200 8158
::1 - - [12/Apr/2021:13:56:22 +0100] "GET /home.php HTTP/1.1" 200 8173
::1 - - [12/Apr/2021:13:56:24 +0100] "POST /promote.php HTTP/1.1" 200 871
::1 - - [12/Apr/2021:13:56:29 +0100] "POST /promote.php HTTP/1.1" 200 868
::1 - - [12/Apr/2021:13:56:32 +0100] "POST /promote.php HTTP/1.1" 200 871
::1 - - [12/Apr/2021:13:56:35 +0100] "POST /update.php HTTP/1.1" 200 698
::1 - - [12/Apr/2021:13:56:41 +0100] "GET /phpmyadmin/sql.php?db=test&table=logins&token=864f6113d41ea5dc31cb709c665e30dc&pos=0&ajax_request=true&ajax_page_request=true&menuHashes=0732af89-b266bb6f&_nocache=1618232201090693237 HTTP/1.1" 200 24440
::1 - - [12/Apr/2021:13:56:41 +0100] "GET /phpmyadmin/index.php?ajax_request=1&recent_table=1&token=864f6113d41ea5dc31cb709c665e30dc HTTP/1.1" 200 318
::1 - - [12/Apr/2021:14:03:42 +0100] "GET /phpmyadmin/sql.php?db=test&table=logins&token=864f6113d41ea5dc31cb709c665e30dc&pos=0&ajax_request=true&ajax_page_request=true&menuHashes=0732af89-b266bb6f&_nocache=1618232622380585512 HTTP/1.1" 200 24440
::1 - - [12/Apr/2021:14:03:42 +0100] "GET /phpmyadmin/index.php?ajax_request=1&recent_table=1&token=864f6113d41ea5dc31cb709c665e30dc HTTP/1.1" 200 318
::1 - - [12/Apr/2021:14:03:47 +0100] "GET /events.php HTTP/1.1" 200 2253
::1 - - [12/Apr/2021:14:03:55 +0100] "GET /home.php HTTP/1.1" 200 8173
::1 - - [12/Apr/2021:14:03:57 +0100] "GET /home.php HTTP/1.1" 200 8173
::1 - - [12/Apr/2021:14:03:59 +0100] "POST /promote.php HTTP/1.1" 200 905
::1 - - [12/Apr/2021:14:04:09 +0100] "GET /meetup.php HTTP/1.1" 404 208
::1 - - [12/Apr/2021:14:04:11 +0100] "GET /events.php HTTP/1.1" 200 2253
::1 - - [12/Apr/2021:14:04:13 +0100] "GET /home.php HTTP/1.1" 200 8173
::1 - - [12/Apr/2021:14:04:15 +0100] "POST /promote.php HTTP/1.1" 200 684
::1 - - [12/Apr/2021:14:04:24 +0100] "POST /phpmyadmin/tbl_replace.php HTTP/1.1" 200 3205
::1 - - [12/Apr/2021:14:04:34 +0100] "GET /events.php HTTP/1.1" 200 2253
::1 - - [12/Apr/2021:14:04:35 +0100] "GET /home.php HTTP/1.1" 200 8173
::1 - - [12/Apr/2021:14:04:37 +0100] "POST /promote.php HTTP/1.1" 200 908
::1 - - [12/Apr/2021:14:04:40 +0100] "POST /update.php HTTP/1.1" 200 811
::1 - - [12/Apr/2021:14:05:07 +0100] "POST /update.php HTTP/1.1" 200 698
::1 - - [12/Apr/2021:14:05:15 +0100] "GET /phpmyadmin/sql.php?server=1&db=test&table=logins&pos=0&token=864f6113d41ea5dc31cb709c665e30dc&ajax_request=true&ajax_page_request=true&menuHashes=0732af89-b266bb6f&_nocache=1618232715080802321 HTTP/1.1" 200 24442
::1 - - [12/Apr/2021:14:05:15 +0100] "GET /phpmyadmin/index.php?ajax_request=1&recent_table=1&token=864f6113d41ea5dc31cb709c665e30dc HTTP/1.1" 200 318
::1 - - [12/Apr/2021:14:05:31 +0100] "GET /meetup.php HTTP/1.1" 404 208
::1 - - [12/Apr/2021:14:05:36 +0100] "GET /faq.php HTTP/1.1" 404 205
::1 - - [12/Apr/2021:14:05:38 +0100] "GET /events.php HTTP/1.1" 200 2253
::1 - - [12/Apr/2021:14:05:39 +0100] "GET /home.php HTTP/1.1" 200 8173
::1 - - [12/Apr/2021:14:05:41 +0100] "POST /promote.php HTTP/1.1" 200 908
::1 - - [12/Apr/2021:14:05:43 +0100] "POST /update.php HTTP/1.1" 200 698
::1 - - [12/Apr/2021:14:05:51 +0100] "GET /phpmyadmin/sql.php?db=test&table=logins&token=864f6113d41ea5dc31cb709c665e30dc&pos=0&ajax_request=true&ajax_page_request=true&menuHashes=0732af89-b266bb6f&_nocache=1618232751307695035 HTTP/1.1" 200 24440
::1 - - [12/Apr/2021:14:05:51 +0100] "GET /phpmyadmin/index.php?ajax_request=1&recent_table=1&token=864f6113d41ea5dc31cb709c665e30dc HTTP/1.1" 200 318
::1 - - [12/Apr/2021:14:05:52 +0100] "GET /phpmyadmin/sql.php?db=test&table=logins&token=864f6113d41ea5dc31cb709c665e30dc&pos=0&ajax_request=true&ajax_page_request=true&menuHashes=0732af89-b266bb6f&_nocache=161823275261561984 HTTP/1.1" 200 24440
::1 - - [12/Apr/2021:14:05:52 +0100] "GET /phpmyadmin/index.php?ajax_request=1&recent_table=1&token=864f6113d41ea5dc31cb709c665e30dc HTTP/1.1" 200 318
::1 - - [12/Apr/2021:14:07:35 +0100] "GET /meetup.php HTTP/1.1" 404 208
::1 - - [12/Apr/2021:14:07:37 +0100] "GET /events.php HTTP/1.1" 200 2253
::1 - - [12/Apr/2021:14:07:38 +0100] "GET /home.php HTTP/1.1" 200 8173
::1 - - [12/Apr/2021:14:07:40 +0100] "POST /promote.php HTTP/1.1" 200 908
::1 - - [12/Apr/2021:14:07:44 +0100] "POST /update.php HTTP/1.1" 200 698
::1 - - [12/Apr/2021:14:07:48 +0100] "GET /phpmyadmin/sql.php?db=test&table=logins&token=864f6113d41ea5dc31cb709c665e30dc&pos=0&ajax_request=true&ajax_page_request=true&menuHashes=0732af89-b266bb6f&_nocache=161823286864018999 HTTP/1.1" 200 24440
::1 - - [12/Apr/2021:14:07:49 +0100] "GET /phpmyadmin/index.php?ajax_request=1&recent_table=1&token=864f6113d41ea5dc31cb709c665e30dc HTTP/1.1" 200 318
::1 - - [12/Apr/2021:14:07:50 +0100] "GET /phpmyadmin/sql.php?db=test&table=logins&token=864f6113d41ea5dc31cb709c665e30dc&pos=0&ajax_request=true&ajax_page_request=true&menuHashes=0732af89-b266bb6f&_nocache=1618232870364743325 HTTP/1.1" 200 24440
::1 - - [12/Apr/2021:14:07:50 +0100] "GET /phpmyadmin/index.php?ajax_request=1&recent_table=1&token=864f6113d41ea5dc31cb709c665e30dc HTTP/1.1" 200 318
::1 - - [12/Apr/2021:14:07:57 +0100] "GET /meetup.php HTTP/1.1" 404 208
::1 - - [12/Apr/2021:14:07:55 +0100] "GET /meetup.php HTTP/1.1" 404 208
::1 - - [12/Apr/2021:14:08:01 +0100] "GET /events.php HTTP/1.1" 200 2253
::1 - - [12/Apr/2021:14:08:02 +0100] "GET /home.php HTTP/1.1" 200 8173
::1 - - [12/Apr/2021:14:08:04 +0100] "POST /promote.php HTTP/1.1" 200 946
::1 - - [12/Apr/2021:14:08:09 +0100] "POST /update.php HTTP/1.1" 200 698
::1 - - [12/Apr/2021:14:08:14 +0100] "GET /phpmyadmin/sql.php?db=test&table=logins&token=864f6113d41ea5dc31cb709c665e30dc&pos=0&ajax_request=true&ajax_page_request=true&menuHashes=0732af89-b266bb6f&_nocache=1618232894853531650 HTTP/1.1" 200 24440
::1 - - [12/Apr/2021:14:08:16 +0100] "GET /phpmyadmin/index.php?ajax_request=1&recent_table=1&token=864f6113d41ea5dc31cb709c665e30dc HTTP/1.1" 200 318
::1 - - [12/Apr/2021:14:08:20 +0100] "POST /phpmyadmin/tbl_replace.php HTTP/1.1" 200 3205
::1 - - [12/Apr/2021:14:09:16 +0100] "POST /update.php HTTP/1.1" 200 738
::1 - - [12/Apr/2021:14:09:19 +0100] "GET /home.php HTTP/1.1" 200 8173
::1 - - [12/Apr/2021:14:09:20 +0100] "POST /promote.php HTTP/1.1" 200 684
::1 - - [12/Apr/2021:14:09:40 +0100] "POST /promote.php HTTP/1.1" 200 724
::1 - - [12/Apr/2021:14:09:44 +0100] "GET /phpmyadmin/sql.php?db=test&table=logins&token=864f6113d41ea5dc31cb709c665e30dc&pos=0&ajax_request=true&ajax_page_request=true&menuHashes=0732af89-b266bb6f&_nocache=1618232984890711076 HTTP/1.1" 200 24440
::1 - - [12/Apr/2021:14:09:45 +0100] "GET /phpmyadmin/index.php?ajax_request=1&recent_table=1&token=864f6113d41ea5dc31cb709c665e30dc HTTP/1.1" 200 318
::1 - - [12/Apr/2021:14:09:49 +0100] "POST /phpmyadmin/tbl_replace.php HTTP/1.1" 200 3205
::1 - - [12/Apr/2021:14:09:57 +0100] "GET /home.php HTTP/1.1" 200 8173
::1 - - [12/Apr/2021:14:12:23 +0100] "GET /events.php HTTP/1.1" 200 2253
::1 - - [12/Apr/2021:14:12:25 +0100] "GET /home.php HTTP/1.1" 200 8173
