2021-03-21 23:22:15 4564 [Note] Plugin 'FEDERATED' is disabled.
2021-03-21 23:22:15 4564 [Note] InnoDB: The InnoDB memory heap is disabled
2021-03-21 23:22:15 4564 [Note] InnoDB: Mutexes and rw_locks use Windows interlocked functions
2021-03-21 23:22:15 4564 [Note] InnoDB: Compressed tables use zlib 1.2.3
2021-03-21 23:22:15 4564 [Note] InnoDB: Not using CPU crc32 instructions
2021-03-21 23:22:15 4564 [Note] InnoDB: Initializing buffer pool, size = 128.0M
2021-03-21 23:22:15 4564 [Note] InnoDB: Completed initialization of buffer pool
2021-03-21 23:22:15 4564 [Note] InnoDB: Setting log file D:\IP3 Project\mysql\data\ib_logfile101 size to 5 MB
2021-03-21 23:22:19 4564 [Note] InnoDB: Setting log file D:\IP3 Project\mysql\data\ib_logfile1 size to 5 MB
2021-03-21 23:22:22 4564 [Note] InnoDB: Renaming log file D:\IP3 Project\mysql\data\ib_logfile101 to D:\IP3 Project\mysql\data\ib_logfile0
2021-03-21 23:22:22 4564 [Warning] InnoDB: New log files created, LSN=1626134
2021-03-21 23:22:22 4564 [Note] InnoDB: Highest supported file format is Barracuda.
2021-03-21 23:22:23 4564 [Note] InnoDB: 128 rollback segment(s) are active.
2021-03-21 23:22:23 4564 [Note] InnoDB: Waiting for purge to start
2021-03-21 23:22:23 4564 [Note] InnoDB: 5.6.13 started; log sequence number 1626636
2021-03-21 23:22:23 4564 [Warning] No existing UUID has been found, so we assume that this is the first time that this server has been started. Generating a new UUID: 4a8d32d5-8a9c-11eb-b560-3024a98e77ec.
2021-03-21 23:22:23 4564 [Note] Server hostname (bind-address): '*'; port: 3307
2021-03-21 23:22:23 4564 [Note] IPv6 is available.
2021-03-21 23:22:23 4564 [Note]   - '::' resolves to '::';
2021-03-21 23:22:23 4564 [Note] Server socket created on IP: '::'.
2021-03-21 23:22:25 4564 [Note] Event Scheduler: Loaded 0 events
2021-03-21 23:22:25 4564 [Note] D:\IP3 Project/mysql/bin/mysqld_usbwv8.exe: ready for connections.
Version: '5.6.13'  socket: ''  port: 3307  MySQL Community Server (GPL)
2021-03-22 11:33:16 7312 [Note] Plugin 'FEDERATED' is disabled.
2021-03-22 11:33:16 7312 [Note] InnoDB: The InnoDB memory heap is disabled
2021-03-22 11:33:16 7312 [Note] InnoDB: Mutexes and rw_locks use Windows interlocked functions
2021-03-22 11:33:16 7312 [Note] InnoDB: Compressed tables use zlib 1.2.3
2021-03-22 11:33:16 7312 [Note] InnoDB: Not using CPU crc32 instructions
2021-03-22 11:33:16 7312 [Note] InnoDB: Initializing buffer pool, size = 128.0M
2021-03-22 11:33:16 7312 [Note] InnoDB: Completed initialization of buffer pool
2021-03-22 11:33:16 7312 [Note] InnoDB: Highest supported file format is Barracuda.
2021-03-22 11:33:16 7312 [Note] InnoDB: The log sequence numbers 1626134 and 1626134 in ibdata files do not match the log sequence number 1691455 in the ib_logfiles!
2021-03-22 11:33:16 7312 [Note] InnoDB: Database was not shutdown normally!
2021-03-22 11:33:16 7312 [Note] InnoDB: Starting crash recovery.
2021-03-22 11:33:16 7312 [Note] InnoDB: Reading tablespace information from the .ibd files...
2021-03-22 11:33:16 7312 [Note] InnoDB: Restoring possible half-written data pages 
2021-03-22 11:33:16 7312 [Note] InnoDB: from the doublewrite buffer...
2021-03-22 11:33:16 7312 [Note] InnoDB: 128 rollback segment(s) are active.
2021-03-22 11:33:16 7312 [Note] InnoDB: Waiting for purge to start
2021-03-22 11:33:16 7312 [Note] InnoDB: 5.6.13 started; log sequence number 1691455
2021-03-22 11:33:16 7312 [Note] Server hostname (bind-address): '*'; port: 3307
2021-03-22 11:33:17 7312 [Note] IPv6 is available.
2021-03-22 11:33:17 7312 [Note]   - '::' resolves to '::';
2021-03-22 11:33:17 7312 [Note] Server socket created on IP: '::'.
22021-03-22 12:32:09 1804 [Note] Plugin 'FEDERATED' is disabled.
2021-03-22 12:32:09 1804 [Note] InnoDB: The InnoDB memory heap is disabled
2021-03-22 12:32:09 1804 [Note] InnoDB: Mutexes and rw_locks use Windows interlocked functions
2021-03-22 12:32:09 1804 [Note] InnoDB: Compressed tables use zlib 1.2.3
2021-03-22 12:32:09 1804 [Note] InnoDB: Not using CPU crc32 instructions
2021-03-22 12:32:09 1804 [Note] InnoDB: Initializing buffer pool, size = 128.0M
2021-03-22 12:32:09 1804 [Note] InnoDB: Completed initialization of buffer pool
2021-03-22 12:32:09 1804 [Note] InnoDB: Highest supported file format is Barracuda.
2021-03-22 12:32:09 1804 [Note] InnoDB: The log sequence numbers 1626134 and 1626134 in ibdata files do not match the log sequence number 1691465 in the ib_logfiles!
2021-03-22 12:32:09 1804 [Note] InnoDB: Database was not shutdown normally!
2021-03-22 12:32:09 1804 [Note] InnoDB: Starting crash recovery.
2021-03-22 12:32:09 1804 [Note] InnoDB: Reading tablespace information from the .ibd files...
2021-03-22 12:32:09 1804 [Note] InnoDB: Restoring possible half-written data pages 
2021-03-22 12:32:09 1804 [Note] InnoDB: from the doublewrite buffer...
2021-03-22 12:32:10 1804 [Note] InnoDB: 128 rollback segment(s) are active.
2021-03-22 12:32:10 1804 [Note] InnoDB: Waiting for purge to start
2021-03-22 12:32:10 1804 [Note] InnoDB: 5.6.13 started; log sequence number 1691465
2021-03-22 12:32:10 1804 [Note] Server hostname (bind-address): '*'; port: 3307
2021-03-22 12:32:10 1804 [Note] IPv6 is available.
2021-03-22 12:32:10 1804 [Note]   - '::' resolves to '::';
2021-03-22 12:32:10 1804 [Note] Server socket created on IP: '::'.
2021-03-22 12:32:12 1804 [Note] Event Scheduler: Loaded 0 events
2021-03-22 12:32:12 1804 [Note] D:\IP3 Project/mysql/bin/mysqld_usbwv8.exe: ready for connections.
Version: '5.6.13'  socket: ''  port: 3307  MySQL Community Server (GPL)
2021-03-30 16:18:58 30184 [Note] Plugin 'FEDERATED' is disabled.
2021-03-30 16:18:58 30184 [Note] InnoDB: The InnoDB memory heap is disabled
2021-03-30 16:18:58 30184 [Note] InnoDB: Mutexes and rw_locks use Windows interlocked functions
2021-03-30 16:18:58 30184 [Note] InnoDB: Compressed tables use zlib 1.2.3
2021-03-30 16:18:58 30184 [Note] InnoDB: Not using CPU crc32 instructions
2021-03-30 16:18:58 30184 [Note] InnoDB: Initializing buffer pool, size = 128.0M
2021-03-30 16:18:58 30184 [Note] InnoDB: Completed initialization of buffer pool
2021-03-30 16:18:59 30184 [Note] InnoDB: Highest supported file format is Barracuda.
2021-03-30 16:18:59 30184 [Note] InnoDB: The log sequence numbers 1626134 and 1626134 in ibdata files do not match the log sequence number 1694266 in the ib_logfiles!
2021-03-30 16:18:59 30184 [Note] InnoDB: Database was not shutdown normally!
2021-03-30 16:18:59 30184 [Note] InnoDB: Starting crash recovery.
2021-03-30 16:18:59 30184 [Note] InnoDB: Reading tablespace information from the .ibd files...
2021-03-30 16:18:59 30184 [Note] InnoDB: Restoring possible half-written data pages 
2021-03-30 16:18:59 30184 [Note] InnoDB: from the doublewrite buffer...
2021-03-30 16:19:02 30184 [Note] InnoDB: 128 rollback segment(s) are active.
2021-03-30 16:19:02 30184 [Note] InnoDB: Waiting for purge to start
2021-03-30 16:19:02 30184 [Note] InnoDB: 5.6.13 started; log sequence number 1694266
2021-03-30 16:19:02 30184 [Note] Server hostname (bind-address): '*'; port: 3307
2021-03-30 16:19:02 30184 [Note] IPv6 is available.
2021-03-30 16:19:02 30184 [Note]   - '::' resolves to '::';
2021-03-30 16:19:02 30184 [Note] Server socket created on IP: '::'.
2021-04-11 15:36:25 34904 [Note] Plugin 'FEDERATED' is disabled.
2021-04-11 15:36:26 34904 [Note] InnoDB: The InnoDB memory heap is disabled
2021-04-11 15:36:26 34904 [Note] InnoDB: Mutexes and rw_locks use Windows interlocked functions
2021-04-11 15:36:26 34904 [Note] InnoDB: Compressed tables use zlib 1.2.3
2021-04-11 15:36:26 34904 [Note] InnoDB: Not using CPU crc32 instructions
2021-04-11 15:36:26 34904 [Note] InnoDB: Initializing buffer pool, size = 128.0M
2021-04-11 15:36:26 34904 [Note] InnoDB: Completed initialization of buffer pool
2021-04-11 15:36:28 34904 [Note] InnoDB: Highest supported file format is Barracuda.
2021-04-11 15:36:28 34904 [Note] InnoDB: The log sequence numbers 1626134 and 1626134 in ibdata files do not match the log sequence number 1694276 in the ib_logfiles!
2021-04-11 15:36:28 34904 [Note] InnoDB: Database was not shutdown normally!
2021-04-11 15:36:28 34904 [Note] InnoDB: Starting crash recovery.
2021-04-11 15:36:28 34904 [Note] InnoDB: Reading tablespace information from the .ibd files...
2021-04-11 15:36:30 34904 [Note] InnoDB: Restoring possible half-written data pages 
2021-04-11 15:36:30 34904 [Note] InnoDB: from the doublewrite buffer...
2021-04-11 15:36:38 34904 [Note] InnoDB: 128 rollback segment(s) are active.
2021-04-11 15:36:38 34904 [Note] InnoDB: Waiting for purge to start
2021-04-11 15:36:38 34904 [Note] InnoDB: 5.6.13 started; log sequence number 1694276
2021-04-11 15:36:39 34904 [Note] Server hostname (bind-address): '*'; port: 3307
2021-04-11 15:36:39 34904 [Note] IPv6 is available.
2021-04-11 15:36:39 34904 [Note]   - '::' resolves to '::';
2021-04-11 15:36:39 34904 [Note] Server socket created on IP: '::'.
2021-04-12 09:32:33 46020 [Note] Plugin 'FEDERATED' is disabled.
2021-04-12 09:32:33 46020 [Note] InnoDB: The InnoDB memory heap is disabled
2021-04-12 09:32:33 46020 [Note] InnoDB: Mutexes and rw_locks use Windows interlocked functions
2021-04-12 09:32:33 46020 [Note] InnoDB: Compressed tables use zlib 1.2.3
2021-04-12 09:32:33 46020 [Note] InnoDB: Not using CPU crc32 instructions
2021-04-12 09:32:33 46020 [Note] InnoDB: Initializing buffer pool, size = 128.0M
2021-04-12 09:32:33 46020 [Note] InnoDB: Completed initialization of buffer pool
2021-04-12 09:32:33 46020 [Note] InnoDB: Highest supported file format is Barracuda.
2021-04-12 09:32:33 46020 [Note] InnoDB: The log sequence numbers 1626134 and 1626134 in ibdata files do not match the log sequence number 1694286 in the ib_logfiles!
2021-04-12 09:32:33 46020 [Note] InnoDB: Database was not shutdown normally!
2021-04-12 09:32:33 46020 [Note] InnoDB: Starting crash recovery.
2021-04-12 09:32:33 46020 [Note] InnoDB: Reading tablespace information from the .ibd files...
2021-04-12 09:32:33 46020 [Note] InnoDB: Restoring possible half-written data pages 
2021-04-12 09:32:33 46020 [Note] InnoDB: from the doublewrite buffer...
2021-04-12 09:32:39 46020 [Note] InnoDB: 128 rollback segment(s) are active.
2021-04-12 09:32:39 46020 [Note] InnoDB: Waiting for purge to start
2021-04-12 09:32:39 46020 [Note] InnoDB: 5.6.13 started; log sequence number 1694286
2021-04-12 09:32:39 46020 [Note] Server hostname (bind-address): '*'; port: 3307
2021-04-12 09:32:39 46020 [Note] IPv6 is available.
2021-04-12 09:32:39 46020 [Note]   - '::' resolves to '::';
2021-04-12 09:32:39 46020 [Note] Server socket created on IP: '::'.
2